[2013-04-25 08-11-26] HTTP code 404: Page not found. Missing template '…/www/bwindi.petrsiller.cz/app/templates/homepage/default.latte'. in /home/www/petrsiller.cz/www/bwindi.petrsiller.cz/libs/Nette/Application/UI/Presenter.php:701  @  http://bwindi.petrsiller.cz/www/?presenter=homepage
[2013-04-25 08-11-44] HTTP code 404: Page not found. Missing template '…/www/bwindi.petrsiller.cz/app/templates/platba/default.latte'. in /home/www/petrsiller.cz/www/bwindi.petrsiller.cz/libs/Nette/Application/UI/Presenter.php:701  @  http://bwindi.petrsiller.cz/www/?presenter=platba
[2013-04-25 08-11-46] HTTP code 404: Page not found. Missing template '…/www/bwindi.petrsiller.cz/app/templates/homepage/default.latte'. in /home/www/petrsiller.cz/www/bwindi.petrsiller.cz/libs/Nette/Application/UI/Presenter.php:701  @  http://bwindi.petrsiller.cz/www/?presenter=homepage
[2013-04-25 08-11-47] HTTP code 404: Page not found. Missing template '…/www/bwindi.petrsiller.cz/app/templates/skola/default.latte'. in /home/www/petrsiller.cz/www/bwindi.petrsiller.cz/libs/Nette/Application/UI/Presenter.php:701  @  http://bwindi.petrsiller.cz/www/?presenter=skola
[2013-04-25 08-11-48] HTTP code 404: Page not found. Missing template '…/www/bwindi.petrsiller.cz/app/templates/benefit/default.latte'. in /home/www/petrsiller.cz/www/bwindi.petrsiller.cz/libs/Nette/Application/UI/Presenter.php:701  @  http://bwindi.petrsiller.cz/www/?presenter=benefit
[2013-04-25 08-11-50] HTTP code 404: Page not found. Missing template '…/www/bwindi.petrsiller.cz/app/templates/homepage/default.latte'. in /home/www/petrsiller.cz/www/bwindi.petrsiller.cz/libs/Nette/Application/UI/Presenter.php:701  @  http://bwindi.petrsiller.cz/www/?presenter=homepage
[2013-04-25 11-57-43] HTTP code 404: Page not found. Missing template '…/www/bwindi.petrsiller.cz/app/templates/homepage/default.latte'. in /home/www/petrsiller.cz/www/bwindi.petrsiller.cz/libs/Nette/Application/UI/Presenter.php:701  @  http://bwindi.petrsiller.cz/www/?presenter=homepage
[2013-04-25 11-58-59] HTTP code 404: Page not found. Missing template '…/www/bwindi.petrsiller.cz/app/templates/homepage/default.latte'. in /home/www/petrsiller.cz/www/bwindi.petrsiller.cz/libs/Nette/Application/UI/Presenter.php:701  @  http://bwindi.petrsiller.cz/www/index.php?presenter=homepage
[2013-04-25 11-59-07] HTTP code 404: No route for HTTP request. in /home/www/petrsiller.cz/www/bwindi.petrsiller.cz/libs/Nette/Application/Application.php:105  @  http://bwindi.petrsiller.cz/www/presenter=homepage
[2013-04-25 11-59-10] HTTP code 404: Page not found. Missing template '…/www/bwindi.petrsiller.cz/app/templates/platba/default.latte'. in /home/www/petrsiller.cz/www/bwindi.petrsiller.cz/libs/Nette/Application/UI/Presenter.php:701  @  http://bwindi.petrsiller.cz/www/?presenter=platba
[2013-04-25 11-59-12] HTTP code 404: Page not found. Missing template '…/www/bwindi.petrsiller.cz/app/templates/sponzor/default.latte'. in /home/www/petrsiller.cz/www/bwindi.petrsiller.cz/libs/Nette/Application/UI/Presenter.php:701  @  http://bwindi.petrsiller.cz/www/?presenter=sponzor
[2013-04-25 11-59-13] HTTP code 404: Page not found. Missing template '…/www/bwindi.petrsiller.cz/app/templates/skola/default.latte'. in /home/www/petrsiller.cz/www/bwindi.petrsiller.cz/libs/Nette/Application/UI/Presenter.php:701  @  http://bwindi.petrsiller.cz/www/?presenter=skola
[2013-04-25 11-59-14] HTTP code 404: Page not found. Missing template '…/www/bwindi.petrsiller.cz/app/templates/benefit/default.latte'. in /home/www/petrsiller.cz/www/bwindi.petrsiller.cz/libs/Nette/Application/UI/Presenter.php:701  @  http://bwindi.petrsiller.cz/www/?presenter=benefit
[2013-04-28 21-16-25] HTTP code 404: Page not found. Missing template '…/www/bwindi.petrsiller.cz/app/templates/homepage/default.latte'. in /home/www/petrsiller.cz/www/bwindi.petrsiller.cz/libs/Nette/Application/UI/Presenter.php:701  @  http://bwindi.petrsiller.cz/www/?presenter=homepage
[2013-04-28 21-19-00] HTTP code 404: Page not found. Missing template '…/www/bwindi.petrsiller.cz/app/templates/homepage/default.latte'. in /home/www/petrsiller.cz/www/bwindi.petrsiller.cz/libs/Nette/Application/UI/Presenter.php:701  @  http://bwindi.petrsiller.cz/www/?presenter=homepage
[2013-05-08 15-37-33] HTTP code 404: Page not found. Missing template '…/www/bwindi.petrsiller.cz/app/templates/homepage/default.latte'. in /home/www/petrsiller.cz/www/bwindi.petrsiller.cz/libs/Nette/Application/UI/Presenter.php:701  @  http://bwindi.petrsiller.cz/www/?presenter=homepage
[2013-05-08 15-37-36] HTTP code 404: Page not found. Missing template '…/www/bwindi.petrsiller.cz/app/templates/homepage/default.latte'. in /home/www/petrsiller.cz/www/bwindi.petrsiller.cz/libs/Nette/Application/UI/Presenter.php:701  @  http://bwindi.petrsiller.cz/www/?presenter=homepage
[2013-05-08 15-37-37] HTTP code 404: Page not found. Missing template '…/www/bwindi.petrsiller.cz/app/templates/platba/default.latte'. in /home/www/petrsiller.cz/www/bwindi.petrsiller.cz/libs/Nette/Application/UI/Presenter.php:701  @  http://bwindi.petrsiller.cz/www/?presenter=platba
[2013-05-08 15-37-39] HTTP code 404: Page not found. Missing template '…/www/bwindi.petrsiller.cz/app/templates/sponzor/default.latte'. in /home/www/petrsiller.cz/www/bwindi.petrsiller.cz/libs/Nette/Application/UI/Presenter.php:701  @  http://bwindi.petrsiller.cz/www/?presenter=sponzor
[2013-05-08 15-37-40] HTTP code 404: Page not found. Missing template '…/www/bwindi.petrsiller.cz/app/templates/skola/default.latte'. in /home/www/petrsiller.cz/www/bwindi.petrsiller.cz/libs/Nette/Application/UI/Presenter.php:701  @  http://bwindi.petrsiller.cz/www/?presenter=skola
[2013-05-08 15-37-41] HTTP code 404: Page not found. Missing template '…/www/bwindi.petrsiller.cz/app/templates/benefit/default.latte'. in /home/www/petrsiller.cz/www/bwindi.petrsiller.cz/libs/Nette/Application/UI/Presenter.php:701  @  http://bwindi.petrsiller.cz/www/?presenter=benefit
[2013-05-08 15-37-43] HTTP code 404: Page not found. Missing template '…/www/bwindi.petrsiller.cz/app/templates/homepage/default.latte'. in /home/www/petrsiller.cz/www/bwindi.petrsiller.cz/libs/Nette/Application/UI/Presenter.php:701  @  http://bwindi.petrsiller.cz/www/?presenter=homepage
[2013-05-12 11-17-48] HTTP code 404: Page not found. Missing template '…/www/bwindi.petrsiller.cz/app/templates/homepage/default.latte'. in /home/www/petrsiller.cz/www/bwindi.petrsiller.cz/libs/Nette/Application/UI/Presenter.php:701  @  http://bwindi.petrsiller.cz/www/?presenter=homepage
[2013-05-12 11-48-15] HTTP code 404: Page not found. Missing template '…/www/bwindi.petrsiller.cz/app/templates/homepage/default.latte'. in /home/www/petrsiller.cz/www/bwindi.petrsiller.cz/libs/Nette/Application/UI/Presenter.php:701  @  http://bwindi.petrsiller.cz/www/?presenter=homepage
[2013-05-12 11-48-17] HTTP code 404: Page not found. Missing template '…/www/bwindi.petrsiller.cz/app/templates/homepage/default.latte'. in /home/www/petrsiller.cz/www/bwindi.petrsiller.cz/libs/Nette/Application/UI/Presenter.php:701  @  http://bwindi.petrsiller.cz/www/?presenter=homepage
[2013-05-12 11-49-03] HTTP code 404: Page not found. Missing template '…/www/bwindi.petrsiller.cz/app/templates/homepage/default.latte'. in /home/www/petrsiller.cz/www/bwindi.petrsiller.cz/libs/Nette/Application/UI/Presenter.php:701  @  http://bwindi.petrsiller.cz/www/?presenter=homepage
[2013-05-12 11-49-04] HTTP code 404: Page not found. Missing template '…/www/bwindi.petrsiller.cz/app/templates/homepage/default.latte'. in /home/www/petrsiller.cz/www/bwindi.petrsiller.cz/libs/Nette/Application/UI/Presenter.php:701  @  http://bwindi.petrsiller.cz/www/?presenter=homepage
[2013-05-12 11-49-46] HTTP code 404: Page not found. Missing template '…/www/bwindi.petrsiller.cz/app/templates/homepage/default.latte'. in /home/www/petrsiller.cz/www/bwindi.petrsiller.cz/libs/Nette/Application/UI/Presenter.php:701  @  http://bwindi.petrsiller.cz/www/?presenter=homepage
[2013-05-12 11-50-23] HTTP code 404: Page not found. Missing template '…/www/bwindi.petrsiller.cz/app/templates/homepage/default.latte'. in /home/www/petrsiller.cz/www/bwindi.petrsiller.cz/libs/Nette/Application/UI/Presenter.php:701  @  http://bwindi.petrsiller.cz/www/?presenter=homepage
[2013-05-12 11-53-34] HTTP code 404: Page not found. Missing template '…/www/bwindi.petrsiller.cz/app/templates/platba/default.latte'. in /home/www/petrsiller.cz/www/bwindi.petrsiller.cz/libs/Nette/Application/UI/Presenter.php:701  @  http://bwindi.petrsiller.cz/www/?presenter=platba
[2013-05-12 11-53-37] HTTP code 404: Page not found. Missing template '…/www/bwindi.petrsiller.cz/app/templates/benefit/default.latte'. in /home/www/petrsiller.cz/www/bwindi.petrsiller.cz/libs/Nette/Application/UI/Presenter.php:701  @  http://bwindi.petrsiller.cz/www/?presenter=benefit
[2013-05-12 11-53-37] HTTP code 404: Page not found. Missing template '…/www/bwindi.petrsiller.cz/app/templates/sponzor/default.latte'. in /home/www/petrsiller.cz/www/bwindi.petrsiller.cz/libs/Nette/Application/UI/Presenter.php:701  @  http://bwindi.petrsiller.cz/www/?presenter=sponzor
[2013-05-12 11-53-38] HTTP code 404: Page not found. Missing template '…/www/bwindi.petrsiller.cz/app/templates/skola/default.latte'. in /home/www/petrsiller.cz/www/bwindi.petrsiller.cz/libs/Nette/Application/UI/Presenter.php:701  @  http://bwindi.petrsiller.cz/www/?presenter=skola
[2013-05-12 11-53-40] HTTP code 404: Page not found. Missing template '…/www/bwindi.petrsiller.cz/app/templates/sponzor/default.latte'. in /home/www/petrsiller.cz/www/bwindi.petrsiller.cz/libs/Nette/Application/UI/Presenter.php:701  @  http://bwindi.petrsiller.cz/www/?presenter=sponzor
[2013-05-12 11-57-23] HTTP code 404: Page not found. Missing template '…/www/bwindi.petrsiller.cz/app/templates/sponzor/default.latte'. in /home/www/petrsiller.cz/www/bwindi.petrsiller.cz/libs/Nette/Application/UI/Presenter.php:701  @  http://bwindi.petrsiller.cz/www/?presenter=sponzor
[2013-05-12 11-57-25] HTTP code 404: Page not found. Missing template '…/www/bwindi.petrsiller.cz/app/templates/sponzor/default.latte'. in /home/www/petrsiller.cz/www/bwindi.petrsiller.cz/libs/Nette/Application/UI/Presenter.php:701  @  http://bwindi.petrsiller.cz/www/?presenter=sponzor
[2013-05-12 11-57-26] HTTP code 404: Page not found. Missing template '…/www/bwindi.petrsiller.cz/app/templates/platba/default.latte'. in /home/www/petrsiller.cz/www/bwindi.petrsiller.cz/libs/Nette/Application/UI/Presenter.php:701  @  http://bwindi.petrsiller.cz/www/?presenter=platba
[2013-05-12 11-57-27] HTTP code 404: Page not found. Missing template '…/www/bwindi.petrsiller.cz/app/templates/benefit/default.latte'. in /home/www/petrsiller.cz/www/bwindi.petrsiller.cz/libs/Nette/Application/UI/Presenter.php:701  @  http://bwindi.petrsiller.cz/www/?presenter=benefit
[2013-05-12 11-57-27] HTTP code 404: Page not found. Missing template '…/www/bwindi.petrsiller.cz/app/templates/skola/default.latte'. in /home/www/petrsiller.cz/www/bwindi.petrsiller.cz/libs/Nette/Application/UI/Presenter.php:701  @  http://bwindi.petrsiller.cz/www/?presenter=skola
[2013-05-12 11-57-29] HTTP code 404: Page not found. Missing template '…/www/bwindi.petrsiller.cz/app/templates/homepage/default.latte'. in /home/www/petrsiller.cz/www/bwindi.petrsiller.cz/libs/Nette/Application/UI/Presenter.php:701  @  http://bwindi.petrsiller.cz/www/?presenter=homepage
[2013-05-12 11-58-01] HTTP code 404: Page not found. Missing template '…/www/bwindi.petrsiller.cz/app/templates/homepage/default.latte'. in /home/www/petrsiller.cz/www/bwindi.petrsiller.cz/libs/Nette/Application/UI/Presenter.php:701  @  http://bwindi.petrsiller.cz/www/index.php?presenter=homepage
[2013-05-12 11-58-03] HTTP code 404: Page not found. Missing template '…/www/bwindi.petrsiller.cz/app/templates/homepage/default.latte'. in /home/www/petrsiller.cz/www/bwindi.petrsiller.cz/libs/Nette/Application/UI/Presenter.php:701  @  http://bwindi.petrsiller.cz/www/index.php?presenter=homepage
[2013-05-12 12-09-45] HTTP code 404: Page not found. Missing template '…/www/bwindi.petrsiller.cz/app/templates/sponzor/default.latte'. in /home/www/petrsiller.cz/www/bwindi.petrsiller.cz/libs/Nette/Application/UI/Presenter.php:701  @  http://bwindi.petrsiller.cz/www/index.php?filtrSelect=jmeno&filtrText=Bu%C4%8Dek+Ji%C5%99%C3%AD&presenter=sponzor
[2013-07-26 21-08-13] HTTP code 404: No route for HTTP request. in /home/www/petrsiller.cz/www/bwindi.petrsiller.cz/libs/Nette/Application/Application.php:105  @  http://bwindi.petrsiller.cz/wp-admin.php
[2013-07-26 21-08-50] HTTP code 404: No route for HTTP request. in /home/www/petrsiller.cz/www/bwindi.petrsiller.cz/libs/Nette/Application/Application.php:105  @  http://bwindi.petrsiller.cz/wp-admin
[2013-07-26 21-09-12] HTTP code 404: No route for HTTP request. in /home/www/petrsiller.cz/www/bwindi.petrsiller.cz/libs/Nette/Application/Application.php:105  @  http://bwindi.petrsiller.cz/wp-admin
[2013-09-15 09-12-41] HTTP code 404: No route for HTTP request. in /home/www/petrsiller.cz/www/bwindi.petrsiller.cz/libs/Nette/Application/Application.php:105  @  http://bwindi.petrsiller.cz/Bwindy/sandbox/www/api/detailDite/
[2013-09-15 09-12-49] HTTP code 404: No route for HTTP request. in /home/www/petrsiller.cz/www/bwindi.petrsiller.cz/libs/Nette/Application/Application.php:105  @  http://bwindi.petrsiller.cz/sandbox/www/api/detailDite/
[2013-09-15 09-49-12] HTTP code 404: Cannot load presenter 'jsonDeti', class 'jsonDetiPresenter' was not found in '/home/www/petrsiller.cz/www/bwindi.petrsiller.cz/app/presenters/jsonDetiPresenter.php'. in /home/www/petrsiller.cz/www/bwindi.petrsiller.cz/libs/Nette/Application/Application.php:121  @  http://bwindi.petrsiller.cz/?presenter=jsonDeti
[2013-09-15 09-50-36] HTTP code 404: Cannot load presenter 'jsonDeti', class 'jsonDetiPresenter' was not found in '/home/www/petrsiller.cz/www/bwindi.petrsiller.cz/app/presenters/jsonDetiPresenter.php'. in /home/www/petrsiller.cz/www/bwindi.petrsiller.cz/libs/Nette/Application/Application.php:121  @  http://bwindi.petrsiller.cz/?presenter=jsonDeti
[2013-09-15 09-52-58] HTTP code 404: Cannot load presenter 'jsonDeti', class 'jsonDetiPresenter' was not found in '/home/www/petrsiller.cz/www/bwindi.petrsiller.cz/app/presenters/jsonDetiPresenter.php'. in /home/www/petrsiller.cz/www/bwindi.petrsiller.cz/libs/Nette/Application/Application.php:121  @  http://bwindi.petrsiller.cz/?presenter=jsonDeti
[2013-09-15 10-22-34] HTTP code 404: Page not found. Missing template '…/petrsiller.cz/www/bwindi.petrsiller.cz/app/templates/api/default.latte'. in /home/www/petrsiller.cz/www/bwindi.petrsiller.cz/libs/Nette/Application/UI/Presenter.php:701  @  http://bwindi.petrsiller.cz/?presenter=api
[2013-09-15 14-32-51] HTTP code 404: Page not found. Missing template '…/petrsiller.cz/www/bwindi.petrsiller.cz/app/templates/api/default.latte'. in /home/www/petrsiller.cz/www/bwindi.petrsiller.cz/libs/Nette/Application/UI/Presenter.php:701  @  http://bwindi.petrsiller.cz/?presenter=api
[2013-09-15 14-35-11] HTTP code 404: Page not found. Missing template '…/petrsiller.cz/www/bwindi.petrsiller.cz/app/templates/api/default.latte'. in /home/www/petrsiller.cz/www/bwindi.petrsiller.cz/libs/Nette/Application/UI/Presenter.php:701  @  http://bwindi.petrsiller.cz/?presenter=api
[2013-09-15 15-01-21] HTTP code 404: Page not found. Missing template '…/www/bwindi.petrsiller.cz/app/templates/json/profilx.latte'. in /home/www/petrsiller.cz/www/bwindi.petrsiller.cz/libs/Nette/Application/UI/Presenter.php:701  @  http://bwindi.petrsiller.cz/?presenter=json&action=profilx&id=1061
[2013-09-15 15-15-43] HTTP code 404: Page not found. Missing template '…/www/bwindi.petrsiller.cz/app/templates/json/profilx.latte'. in /home/www/petrsiller.cz/www/bwindi.petrsiller.cz/libs/Nette/Application/UI/Presenter.php:701  @  http://bwindi.petrsiller.cz/?presenter=json&action=profilx&id=1061
[2013-09-15 21-25-55] HTTP code 404: Page not found. Missing template '…/www/bwindi.petrsiller.cz/app/templates/json/adpotovaneDeti.latte'. in /home/www/petrsiller.cz/www/bwindi.petrsiller.cz/libs/Nette/Application/UI/Presenter.php:701  @  http://bwindi.petrsiller.cz/?presenter=json&action=adpotovaneDeti
[2013-09-15 21-36-13] HTTP code 404: Page not found. Missing template '…/www/bwindi.petrsiller.cz/app/templates/json/detiAdopce.latte'. in /home/www/petrsiller.cz/www/bwindi.petrsiller.cz/libs/Nette/Application/UI/Presenter.php:701  @  http://bwindi.petrsiller.cz/?presenter=json&action=detiAdopce
[2013-09-15 21-36-23] HTTP code 404: Page not found. Missing template '…/www/bwindi.petrsiller.cz/app/templates/json/detiAdopce.latte'. in /home/www/petrsiller.cz/www/bwindi.petrsiller.cz/libs/Nette/Application/UI/Presenter.php:701  @  http://bwindi.petrsiller.cz/?presenter=json&action=detiAdopce
[2013-09-15 21-37-46] HTTP code 404: Page not found. Missing template '…/www/bwindi.petrsiller.cz/app/templates/json/detiAdopce.latte'. in /home/www/petrsiller.cz/www/bwindi.petrsiller.cz/libs/Nette/Application/UI/Presenter.php:701  @  http://bwindi.petrsiller.cz/?presenter=json&action=detiAdopce
[2013-09-15 21-38-02] HTTP code 404: Page not found. Missing template '…/www/bwindi.petrsiller.cz/app/templates/json/detiAdopce.latte'. in /home/www/petrsiller.cz/www/bwindi.petrsiller.cz/libs/Nette/Application/UI/Presenter.php:701  @  http://bwindi.petrsiller.cz/?presenter=json&action=detiAdopce
[2013-09-15 21-49-48] HTTP code 404: Page not found. Missing template '…/www/bwindi.petrsiller.cz/app/templates/json/adptovaneDeti.latte'. in /home/www/petrsiller.cz/www/bwindi.petrsiller.cz/libs/Nette/Application/UI/Presenter.php:701  @  http://bwindi.petrsiller.cz/?presenter=json&action=adptovaneDeti
[2013-09-22 10-33-03] HTTP code 404: No route for HTTP request. in /home/www/petrsiller.cz/www/bwindi.petrsiller.cz/libs/Nette/Application/Application.php:105  @  http://bwindi.petrsiller.cz/wp-login.php
[2013-11-12 18-09-00] HTTP code 404: No route for HTTP request. in /home/www/petrsiller.cz/www/bwindi.petrsiller.cz/libs/Nette/Application/Application.php:105  @  http://bwindi.petrsiller.cz/wp-login.php
[2014-01-08 21-58-41] HTTP code 404: No route for HTTP request. in /home/www/petrsiller.cz/www/bwindi.petrsiller.cz/libs/Nette/Application/Application.php:105  @  http://bwindi.petrsiller.cz/2147483647
[2014-01-08 21-59-39] HTTP code 404: No route for HTTP request. in /home/www/petrsiller.cz/www/bwindi.petrsiller.cz/libs/Nette/Application/Application.php:105  @  http://bwindi.petrsiller.cz/2147483647
[2014-01-08 21-59-57] HTTP code 404: No route for HTTP request. in /home/www/petrsiller.cz/www/bwindi.petrsiller.cz/libs/Nette/Application/Application.php:105  @  http://bwindi.petrsiller.cz/2147483647
[2014-01-08 22-00-24] HTTP code 404: No route for HTTP request. in /home/www/petrsiller.cz/www/bwindi.petrsiller.cz/libs/Nette/Application/Application.php:105  @  http://bwindi.petrsiller.cz/2147483647
[2014-01-08 22-02-39] HTTP code 404: Page not found. Missing template '…/www/bwindi.petrsiller.cz/app/templates/homepage/noveDite.latte'. in /home/www/petrsiller.cz/www/bwindi.petrsiller.cz/libs/Nette/Application/UI/Presenter.php:701  @  http://bwindi.petrsiller.cz/?id=2&action=edit&presenter=homepage
[2014-01-11 13-55-53] HTTP code 404: No route for HTTP request. in /home/www/petrsiller.cz/www/bwindi.petrsiller.cz/libs/Nette/Application/Application.php:105  @  http://bwindi.petrsiller.cz/2147483647
[2014-01-11 13-56-03] HTTP code 404: No route for HTTP request. in /home/www/petrsiller.cz/www/bwindi.petrsiller.cz/libs/Nette/Application/Application.php:105  @  http://bwindi.petrsiller.cz/2147483647
[2014-01-12 19-36-24] HTTP code 404: Cannot load presenter 'Dite', class 'DitePresenter' was not found in '/home/www/petrsiller.cz/www/bwindi.petrsiller.cz/app/presenters/DitePresenter.php'. in /home/www/petrsiller.cz/www/bwindi.petrsiller.cz/libs/Nette/Application/Application.php:121  @  http://bwindi.petrsiller.cz/
[2014-01-12 22-43-22] HTTP code 404: Cannot load presenter 'Dite', class 'DitePresenter' was not found in '/home/www/petrsiller.cz/www/bwindi.petrsiller.cz/app/presenters/DitePresenter.php'. in /home/www/petrsiller.cz/www/bwindi.petrsiller.cz/libs/Nette/Application/Application.php:121  @  http://bwindi.petrsiller.cz/?filtrSelect=jmeno&filtrText=&filtrSkola=0&filtrPohlavi=&filtrActive=1
[2014-01-12 22-43-28] HTTP code 404: Cannot load presenter 'Dite', class 'DitePresenter' was not found in '/home/www/petrsiller.cz/www/bwindi.petrsiller.cz/app/presenters/DitePresenter.php'. in /home/www/petrsiller.cz/www/bwindi.petrsiller.cz/libs/Nette/Application/Application.php:121  @  http://bwindi.petrsiller.cz/?filtrSelect=jmeno&filtrText=&filtrSkola=0&filtrPohlavi=&filtrActive=1
[2014-01-12 22-43-39] HTTP code 404: Cannot load presenter 'Dite', class 'DitePresenter' was not found in '/home/www/petrsiller.cz/www/bwindi.petrsiller.cz/app/presenters/DitePresenter.php'. in /home/www/petrsiller.cz/www/bwindi.petrsiller.cz/libs/Nette/Application/Application.php:121  @  http://bwindi.petrsiller.cz/?filtrSelect=jmeno&filtrText=&filtrSkola=0&filtrPohlavi=&filtrWeb=1
[2014-01-12 22-43-49] HTTP code 404: Cannot load presenter 'Dite', class 'DitePresenter' was not found in '/home/www/petrsiller.cz/www/bwindi.petrsiller.cz/app/presenters/DitePresenter.php'. in /home/www/petrsiller.cz/www/bwindi.petrsiller.cz/libs/Nette/Application/Application.php:121  @  http://bwindi.petrsiller.cz/?filtrSelect=jmeno&filtrText=&filtrSkola=0&filtrPohlavi=
[2014-01-12 22-43-59] HTTP code 404: Cannot load presenter 'Dite', class 'DitePresenter' was not found in '/home/www/petrsiller.cz/www/bwindi.petrsiller.cz/app/presenters/DitePresenter.php'. in /home/www/petrsiller.cz/www/bwindi.petrsiller.cz/libs/Nette/Application/Application.php:121  @  http://bwindi.petrsiller.cz/?filtrSelect=ssym&filtrText=
[2014-01-13 06-36-14] HTTP code 404: Cannot load presenter 'Dite', class 'DitePresenter' was not found in '/home/www/petrsiller.cz/www/bwindi.petrsiller.cz/app/presenters/DitePresenter.php'. in /home/www/petrsiller.cz/www/bwindi.petrsiller.cz/libs/Nette/Application/Application.php:121  @  http://bwindi.petrsiller.cz/
[2014-01-13 06-36-19] HTTP code 404: Cannot load presenter 'Dite', class 'DitePresenter' was not found in '/home/www/petrsiller.cz/www/bwindi.petrsiller.cz/app/presenters/DitePresenter.php'. in /home/www/petrsiller.cz/www/bwindi.petrsiller.cz/libs/Nette/Application/Application.php:121  @  http://bwindi.petrsiller.cz/
[2014-01-13 06-36-23] HTTP code 404: Cannot load presenter 'Dite', class 'DitePresenter' was not found in '/home/www/petrsiller.cz/www/bwindi.petrsiller.cz/app/presenters/DitePresenter.php'. in /home/www/petrsiller.cz/www/bwindi.petrsiller.cz/libs/Nette/Application/Application.php:121  @  http://bwindi.petrsiller.cz/
[2014-01-13 06-37-16] HTTP code 404: Cannot load presenter 'Dite', class 'DitePresenter' was not found in '/home/www/petrsiller.cz/www/bwindi.petrsiller.cz/app/presenters/DitePresenter.php'. in /home/www/petrsiller.cz/www/bwindi.petrsiller.cz/libs/Nette/Application/Application.php:121  @  http://bwindi.petrsiller.cz/?filtrSelect=ssym&filtrText=miros
[2014-01-13 06-37-21] HTTP code 404: Cannot load presenter 'Dite', class 'DitePresenter' was not found in '/home/www/petrsiller.cz/www/bwindi.petrsiller.cz/app/presenters/DitePresenter.php'. in /home/www/petrsiller.cz/www/bwindi.petrsiller.cz/libs/Nette/Application/Application.php:121  @  http://bwindi.petrsiller.cz/?filtrSelect=ssym&filtrText=miros
[2014-01-13 06-37-34] HTTP code 404: Cannot load presenter 'Dite', class 'DitePresenter' was not found in '/home/www/petrsiller.cz/www/bwindi.petrsiller.cz/app/presenters/DitePresenter.php'. in /home/www/petrsiller.cz/www/bwindi.petrsiller.cz/libs/Nette/Application/Application.php:121  @  http://bwindi.petrsiller.cz/
[2014-01-18 10-45-11] HTTP code 404: Cannot load presenter 'Dite', class 'DitePresenter' was not found in '/home/www/petrsiller.cz/www/bwindi.petrsiller.cz/app/presenters/DitePresenter.php'. in /home/www/petrsiller.cz/www/bwindi.petrsiller.cz/libs/Nette/Application/Application.php:121  @  http://bwindi.petrsiller.cz/
[2014-01-18 15-10-03] HTTP code 404: Cannot load presenter 'Dite', class 'DitePresenter' was not found in '/home/www/petrsiller.cz/www/bwindi.petrsiller.cz/app/presenters/DitePresenter.php'. in /home/www/petrsiller.cz/www/bwindi.petrsiller.cz/libs/Nette/Application/Application.php:121  @  http://bwindi.petrsiller.cz/?filtrSelect=jmeno&filtrText=miro
[2014-01-18 15-10-16] HTTP code 404: No route for HTTP request. in /home/www/petrsiller.cz/www/bwindi.petrsiller.cz/libs/Nette/Application/Application.php:105  @  http://bwindi.petrsiller.cz/index?filtrSelect=jmeno&filtrText=miro
[2014-01-18 15-10-26] HTTP code 404: Cannot load presenter 'Dite', class 'DitePresenter' was not found in '/home/www/petrsiller.cz/www/bwindi.petrsiller.cz/app/presenters/DitePresenter.php'. in /home/www/petrsiller.cz/www/bwindi.petrsiller.cz/libs/Nette/Application/Application.php:121  @  http://bwindi.petrsiller.cz/
[2014-01-18 15-11-05] HTTP code 404: Cannot load presenter 'Dite', class 'DitePresenter' was not found in '/home/www/petrsiller.cz/www/bwindi.petrsiller.cz/app/presenters/DitePresenter.php'. in /home/www/petrsiller.cz/www/bwindi.petrsiller.cz/libs/Nette/Application/Application.php:121  @  http://bwindi.petrsiller.cz/?filtrSelect=jmeno&filtrText=&filtrSkola=77&filtrPohlavi=
[2014-01-18 17-07-16] HTTP code 404: Cannot load presenter 'Dite', class 'DitePresenter' was not found in '/home/www/petrsiller.cz/www/bwindi.petrsiller.cz/app/presenters/DitePresenter.php'. in /home/www/petrsiller.cz/www/bwindi.petrsiller.cz/libs/Nette/Application/Application.php:121  @  http://bwindi.petrsiller.cz/
[2014-01-18 17-08-02] HTTP code 404: Cannot load presenter 'Dite', class 'DitePresenter' was not found in '/home/www/petrsiller.cz/www/bwindi.petrsiller.cz/app/presenters/DitePresenter.php'. in /home/www/petrsiller.cz/www/bwindi.petrsiller.cz/libs/Nette/Application/Application.php:121  @  http://bwindi.petrsiller.cz/?filtrSelect=ssym&filtrText=dsfds
[2014-01-18 17-08-29] HTTP code 404: Cannot load presenter 'Dite', class 'DitePresenter' was not found in '/home/www/petrsiller.cz/www/bwindi.petrsiller.cz/app/presenters/DitePresenter.php'. in /home/www/petrsiller.cz/www/bwindi.petrsiller.cz/libs/Nette/Application/Application.php:121  @  http://bwindi.petrsiller.cz/?filtrSelect=jmeno&filtrText=&filtrSkola=0&filtrPohlavi=
[2014-01-18 20-55-41] HTTP code 404: Cannot load presenter 'Dite', class 'DitePresenter' was not found in '/home/www/petrsiller.cz/www/bwindi.petrsiller.cz/app/presenters/DitePresenter.php'. in /home/www/petrsiller.cz/www/bwindi.petrsiller.cz/libs/Nette/Application/Application.php:121  @  http://bwindi.petrsiller.cz/
[2014-01-19 08-36-56] HTTP code 404: Cannot load presenter 'Dite', class 'DitePresenter' was not found in '/home/www/petrsiller.cz/www/bwindi.petrsiller.cz/app/presenters/DitePresenter.php'. in /home/www/petrsiller.cz/www/bwindi.petrsiller.cz/libs/Nette/Application/Application.php:121  @  http://bwindi.petrsiller.cz/
[2014-01-19 08-37-15] HTTP code 404: Cannot load presenter 'Dite', class 'DitePresenter' was not found in '/home/www/petrsiller.cz/www/bwindi.petrsiller.cz/app/presenters/DitePresenter.php'. in /home/www/petrsiller.cz/www/bwindi.petrsiller.cz/libs/Nette/Application/Application.php:121  @  http://bwindi.petrsiller.cz/
[2014-01-19 08-37-17] HTTP code 404: Cannot load presenter 'Dite', class 'DitePresenter' was not found in '/home/www/petrsiller.cz/www/bwindi.petrsiller.cz/app/presenters/DitePresenter.php'. in /home/www/petrsiller.cz/www/bwindi.petrsiller.cz/libs/Nette/Application/Application.php:121  @  http://bwindi.petrsiller.cz/
[2014-01-19 08-42-47] HTTP code 404: Cannot load presenter 'Dite', class 'DitePresenter' was not found in '/home/www/petrsiller.cz/www/bwindi.petrsiller.cz/app/presenters/DitePresenter.php'. in /home/www/petrsiller.cz/www/bwindi.petrsiller.cz/libs/Nette/Application/Application.php:121  @  http://bwindi.petrsiller.cz/
[2014-01-19 08-42-59] HTTP code 404: Cannot load presenter 'Dite', class 'DitePresenter' was not found in '/home/www/petrsiller.cz/www/bwindi.petrsiller.cz/app/presenters/DitePresenter.php'. in /home/www/petrsiller.cz/www/bwindi.petrsiller.cz/libs/Nette/Application/Application.php:121  @  http://bwindi.petrsiller.cz/?filtrSelect=jmeno&filtrText=&filtrSkola=0&filtrPohlavi=
[2014-01-19 08-43-08] HTTP code 404: Cannot load presenter 'Dite', class 'DitePresenter' was not found in '/home/www/petrsiller.cz/www/bwindi.petrsiller.cz/app/presenters/DitePresenter.php'. in /home/www/petrsiller.cz/www/bwindi.petrsiller.cz/libs/Nette/Application/Application.php:121  @  http://bwindi.petrsiller.cz/?filtrSelect=ssym&filtrText=
