[2014-01-12 19-07-59] PDOException: SQLSTATE[HY000] [2002] Can't connect to local MySQL server through socket '/var/run/mysqld/mysqld.sock' (2) in /home/www/petrsiller.cz/www/bwindi.petrsiller.cz/libs/Nette/Database/Connection.php:49  @  http://bwindi.petrsiller.cz/?presenter=homepage  @@  exception-2014-01-12-19-07-33-26727daaffe13958920ffdc89102e9c1.html
[2014-01-12 19-09-28] PDOException: SQLSTATE[HY000] [2002] Can't connect to local MySQL server through socket '/var/run/mysqld/mysqld.sock' (2) in /home/www/petrsiller.cz/www/bwindi.petrsiller.cz/libs/Nette/Database/Connection.php:49  @  http://bwindi.petrsiller.cz/?presenter=homepage  @@  exception-2014-01-12-19-07-33-26727daaffe13958920ffdc89102e9c1.html
[2014-01-12 19-09-52] PDOException: SQLSTATE[HY000] [2002] Can't connect to local MySQL server through socket '/var/run/mysqld/mysqld.sock' (2) in /home/www/petrsiller.cz/www/bwindi.petrsiller.cz/libs/Nette/Database/Connection.php:49  @  http://bwindi.petrsiller.cz/?presenter=homepage  @@  exception-2014-01-12-19-09-52-816a267ad93f99692d85831a58e5fd64.html
[2014-01-12 19-11-19] NMissingServiceException: Service 'relaceDiteBenefitModel' not found. in /home/www/petrsiller.cz/www/bwindi.petrsiller.cz/libs/Nette/DI/Container.php:157  @  http://bwindi.petrsiller.cz/?filtrSelect=idDite&filtrText=2&diteJmeno=Abel+Byamugish&presenter=diteBenefit  @@  exception-2013-09-24-11-29-18-7c22399d2e55531724a4d324ab7b09d0.html
[2014-01-12 19-12-03] PHP Warning: include_once(/home/www/petrsiller.cz/www/bwindi.petrsiller.cz/app/model/relaceDiteBenefitModel.php) [<a href='function.include-once'>function.include-once</a>]: failed to open stream: No such file or directory in /home/www/petrsiller.cz/www/bwindi.petrsiller.cz/libs/Nette/Utils/LimitedScope.php:67  @  http://bwindi.petrsiller.cz/?filtrSelect=idDite&filtrText=2&diteJmeno=Abel+Byamugish&presenter=diteBenefit
[2014-01-12 19-12-03] PHP Warning: include_once() [<a href='function.include'>function.include</a>]: Failed opening '/home/www/petrsiller.cz/www/bwindi.petrsiller.cz/app/model/relaceDiteBenefitModel.php' for inclusion (include_path='.:') in /home/www/petrsiller.cz/www/bwindi.petrsiller.cz/libs/Nette/Utils/LimitedScope.php:67  @  http://bwindi.petrsiller.cz/?filtrSelect=idDite&filtrText=2&diteJmeno=Abel+Byamugish&presenter=diteBenefit
[2014-01-12 19-12-03] InvalidStateException: Class RelaceDiteBenefitModel used in service 'relaceDiteBenefitModel' has not been found or is not instantiable. in /home/www/petrsiller.cz/www/bwindi.petrsiller.cz/libs/Nette/DI/ContainerBuilder.php:211  @  http://bwindi.petrsiller.cz/?filtrSelect=idDite&filtrText=2&diteJmeno=Abel+Byamugish&presenter=diteBenefit  @@  exception-2013-09-22-17-11-30-671a1f1d72eb31ad3a0155b1fa301eec.html
[2014-01-12 19-12-06] PHP Warning: include_once(/home/www/petrsiller.cz/www/bwindi.petrsiller.cz/app/model/relaceDiteBenefitModel.php) [<a href='function.include-once'>function.include-once</a>]: failed to open stream: No such file or directory in /home/www/petrsiller.cz/www/bwindi.petrsiller.cz/libs/Nette/Utils/LimitedScope.php:67  @  http://bwindi.petrsiller.cz/?presenter=homepage
[2014-01-12 19-12-06] PHP Warning: include_once() [<a href='function.include'>function.include</a>]: Failed opening '/home/www/petrsiller.cz/www/bwindi.petrsiller.cz/app/model/relaceDiteBenefitModel.php' for inclusion (include_path='.:') in /home/www/petrsiller.cz/www/bwindi.petrsiller.cz/libs/Nette/Utils/LimitedScope.php:67  @  http://bwindi.petrsiller.cz/?presenter=homepage
[2014-01-12 19-12-06] InvalidStateException: Class RelaceDiteBenefitModel used in service 'relaceDiteBenefitModel' has not been found or is not instantiable. in /home/www/petrsiller.cz/www/bwindi.petrsiller.cz/libs/Nette/DI/ContainerBuilder.php:211  @  http://bwindi.petrsiller.cz/?presenter=homepage  @@  exception-2013-09-22-17-11-30-671a1f1d72eb31ad3a0155b1fa301eec.html
[2014-01-12 19-12-07] PHP Warning: include_once(/home/www/petrsiller.cz/www/bwindi.petrsiller.cz/app/model/relaceDiteBenefitModel.php) [<a href='function.include-once'>function.include-once</a>]: failed to open stream: No such file or directory in /home/www/petrsiller.cz/www/bwindi.petrsiller.cz/libs/Nette/Utils/LimitedScope.php:67  @  http://bwindi.petrsiller.cz/?presenter=homepage
[2014-01-12 19-12-07] PHP Warning: include_once() [<a href='function.include'>function.include</a>]: Failed opening '/home/www/petrsiller.cz/www/bwindi.petrsiller.cz/app/model/relaceDiteBenefitModel.php' for inclusion (include_path='.:') in /home/www/petrsiller.cz/www/bwindi.petrsiller.cz/libs/Nette/Utils/LimitedScope.php:67  @  http://bwindi.petrsiller.cz/?presenter=homepage
[2014-01-12 19-12-07] InvalidStateException: Class RelaceDiteBenefitModel used in service 'relaceDiteBenefitModel' has not been found or is not instantiable. in /home/www/petrsiller.cz/www/bwindi.petrsiller.cz/libs/Nette/DI/ContainerBuilder.php:211  @  http://bwindi.petrsiller.cz/?presenter=homepage  @@  exception-2013-09-22-17-11-30-671a1f1d72eb31ad3a0155b1fa301eec.html
[2014-01-12 19-12-38] PHP Warning: include_once(/home/www/petrsiller.cz/www/bwindi.petrsiller.cz/app/model/relaceDiteBenefitModel.php) [<a href='function.include-once'>function.include-once</a>]: failed to open stream: No such file or directory in /home/www/petrsiller.cz/www/bwindi.petrsiller.cz/libs/Nette/Utils/LimitedScope.php:67  @  http://bwindi.petrsiller.cz/?presenter=homepage
[2014-01-12 19-12-39] PHP Warning: include_once() [<a href='function.include'>function.include</a>]: Failed opening '/home/www/petrsiller.cz/www/bwindi.petrsiller.cz/app/model/relaceDiteBenefitModel.php' for inclusion (include_path='.:') in /home/www/petrsiller.cz/www/bwindi.petrsiller.cz/libs/Nette/Utils/LimitedScope.php:67  @  http://bwindi.petrsiller.cz/?presenter=homepage
[2014-01-12 19-12-39] InvalidStateException: Class RelaceDiteBenefitModel used in service 'relaceditebenefitModel' has not been found or is not instantiable. in /home/www/petrsiller.cz/www/bwindi.petrsiller.cz/libs/Nette/DI/ContainerBuilder.php:211  @  http://bwindi.petrsiller.cz/?presenter=homepage  @@  exception-2014-01-12-19-12-39-097bbbe94c79baeafaaee15c28214cb2.html
[2014-01-13 08-16-38] PHP Notice: Undefined variable: year in /home/www/petrsiller.cz/www/bwindi.petrsiller.cz/app/presenters/jsonPresenter.php:141  @  http://bwindi.petrsiller.cz/?presenter=json&action=timeline&id=8
[2014-01-13 09-11-15] PHP Notice: Undefined variable: year in /home/www/petrsiller.cz/www/bwindi.petrsiller.cz/app/presenters/jsonPresenter.php:141  @  http://bwindi.petrsiller.cz/?presenter=json&action=timeline&id=2
[2014-01-14 08-21-42] PHP Notice: Undefined variable: year in /home/www/petrsiller.cz/www/bwindi.petrsiller.cz/app/presenters/jsonPresenter.php:141  @  http://bwindi.petrsiller.cz/?presenter=json&action=timeline&id=8
[2014-01-14 11-55-33] PHP Notice: Undefined variable: year in /home/www/petrsiller.cz/www/bwindi.petrsiller.cz/app/presenters/jsonPresenter.php:141  @  http://bwindi.petrsiller.cz/?presenter=json&action=timeline&id=116
[2014-01-14 12-04-12] PHP Notice: Undefined variable: year in /home/www/petrsiller.cz/www/bwindi.petrsiller.cz/app/presenters/jsonPresenter.php:141  @  http://bwindi.petrsiller.cz/?presenter=json&action=timeline&id=116
[2014-01-15 08-19-51] PHP Notice: Undefined variable: year in /home/www/petrsiller.cz/www/bwindi.petrsiller.cz/app/presenters/jsonPresenter.php:141  @  http://bwindi.petrsiller.cz/?presenter=json&action=timeline&id=8
[2014-01-15 08-24-32] PHP Notice: Undefined variable: year in /home/www/petrsiller.cz/www/bwindi.petrsiller.cz/app/presenters/jsonPresenter.php:141  @  http://bwindi.petrsiller.cz/?presenter=json&action=timeline&id=8
[2014-01-15 14-47-34] PHP Notice: Undefined variable: year in /home/www/petrsiller.cz/www/bwindi.petrsiller.cz/app/presenters/jsonPresenter.php:141  @  http://bwindi.petrsiller.cz/?presenter=json&action=timeline&id=2
[2014-01-16 23-16-23] PHP Notice: Undefined variable: year in /home/www/petrsiller.cz/www/bwindi.petrsiller.cz/app/presenters/jsonPresenter.php:141  @  http://bwindi.petrsiller.cz/?presenter=json&action=timeline&id=6
[2014-01-17 08-19-17] PHP Notice: Undefined variable: year in /home/www/petrsiller.cz/www/bwindi.petrsiller.cz/app/presenters/jsonPresenter.php:141  @  http://bwindi.petrsiller.cz/?presenter=json&action=timeline&id=2
[2014-01-17 08-19-42] PHP Notice: Undefined variable: year in /home/www/petrsiller.cz/www/bwindi.petrsiller.cz/app/presenters/jsonPresenter.php:141  @  http://bwindi.petrsiller.cz/?presenter=json&action=timeline&id=116
[2014-01-17 08-20-02] PHP Notice: Undefined variable: year in /home/www/petrsiller.cz/www/bwindi.petrsiller.cz/app/presenters/jsonPresenter.php:141  @  http://bwindi.petrsiller.cz/?presenter=json&action=timeline&id=157
[2014-01-17 08-20-27] PHP Notice: Undefined variable: year in /home/www/petrsiller.cz/www/bwindi.petrsiller.cz/app/presenters/jsonPresenter.php:141  @  http://bwindi.petrsiller.cz/?presenter=json&action=timeline&id=8
[2014-01-17 16-15-19] PHP Notice: Undefined variable: year in /home/www/petrsiller.cz/www/bwindi.petrsiller.cz/app/presenters/jsonPresenter.php:141  @  http://bwindi.petrsiller.cz/?presenter=json&action=timeline&id=8
[2014-01-17 19-57-32] PHP Notice: Undefined variable: year in /home/www/petrsiller.cz/www/bwindi.petrsiller.cz/app/presenters/jsonPresenter.php:141  @  http://bwindi.petrsiller.cz/?presenter=json&action=timeline&id=2
[2014-01-18 10-45-00] PHP Notice: Undefined variable: year in /home/www/petrsiller.cz/www/bwindi.petrsiller.cz/app/presenters/jsonPresenter.php:141  @  http://bwindi.petrsiller.cz/?presenter=json&action=timeline&id=2
[2014-01-18 11-44-07] PHP Notice: Undefined variable: year in /home/www/petrsiller.cz/www/bwindi.petrsiller.cz/app/presenters/jsonPresenter.php:141  @  http://bwindi.petrsiller.cz/?presenter=json&action=timeline&id=8
[2014-01-18 12-03-16] PHP Notice: Undefined variable: year in /home/www/petrsiller.cz/www/bwindi.petrsiller.cz/app/presenters/jsonPresenter.php:141  @  http://bwindi.petrsiller.cz/?presenter=json&action=timeline&id=4
[2014-01-18 13-05-38] PHP Notice: Undefined variable: year in /home/www/petrsiller.cz/www/bwindi.petrsiller.cz/app/presenters/jsonPresenter.php:141  @  http://bwindi.petrsiller.cz/?presenter=json&action=timeline&id=8
[2014-01-18 13-59-57] PHP Notice: Undefined variable: year in /home/www/petrsiller.cz/www/bwindi.petrsiller.cz/app/presenters/jsonPresenter.php:141  @  http://bwindi.petrsiller.cz/?presenter=json&action=timeline&id=2
[2014-01-18 17-03-43] PHP Notice: Undefined variable: year in /home/www/petrsiller.cz/www/bwindi.petrsiller.cz/app/presenters/jsonPresenter.php:141  @  http://bwindi.petrsiller.cz/?presenter=json&action=timeline&id=116
[2014-01-18 20-04-03] PHP Notice: Undefined variable: year in /home/www/petrsiller.cz/www/bwindi.petrsiller.cz/app/presenters/jsonPresenter.php:141  @  http://bwindi.petrsiller.cz/?presenter=json&action=timeline&id=2
[2014-01-19 08-40-53] InvalidStateException: Service 'router' has already been registered. in /home/www/petrsiller.cz/www/bwindi.petrsiller.cz/libs/Nette/DI/Container.php:330  @  http://bwindi.petrsiller.cz/  @@  exception-2014-01-19-08-40-53-8e0f60728f4cbadd37fde4a8b1db49f9.html
[2014-01-19 08-40-54] InvalidStateException: Service 'router' has already been registered. in /home/www/petrsiller.cz/www/bwindi.petrsiller.cz/libs/Nette/DI/Container.php:330  @  http://bwindi.petrsiller.cz/  @@  exception-2014-01-19-08-40-53-8e0f60728f4cbadd37fde4a8b1db49f9.html
[2014-01-19 08-40-56] InvalidStateException: Service 'router' has already been registered. in /home/www/petrsiller.cz/www/bwindi.petrsiller.cz/libs/Nette/DI/Container.php:330  @  http://bwindi.petrsiller.cz/  @@  exception-2014-01-19-08-40-53-8e0f60728f4cbadd37fde4a8b1db49f9.html
[2014-01-19 09-39-33] Fatal error: Class 'SimpleRouter' not found in /home/www/petrsiller.cz/www/bwindi.petrsiller.cz/app/bootstrap.php:37  @  http://bwindi.petrsiller.cz/  @@  exception-2014-01-19-09-39-33-d6b3649d6bb2b4d93b554d0d1a1c29d5.html
[2014-01-19 09-39-34] Fatal error: Class 'SimpleRouter' not found in /home/www/petrsiller.cz/www/bwindi.petrsiller.cz/app/bootstrap.php:37  @  http://bwindi.petrsiller.cz/  @@  exception-2014-01-19-09-39-33-d6b3649d6bb2b4d93b554d0d1a1c29d5.html
[2014-01-19 09-39-35] Fatal error: Class 'SimpleRouter' not found in /home/www/petrsiller.cz/www/bwindi.petrsiller.cz/app/bootstrap.php:37  @  http://bwindi.petrsiller.cz/  @@  exception-2014-01-19-09-39-33-d6b3649d6bb2b4d93b554d0d1a1c29d5.html
